Exception at PC 0x000007FEB6C5BB93
Printing stacktrace...

Exception at PC 0x000007FEFD8AA06D
Exception at PC 0x000007FEFD8AA06D
Exception at PC 0x000007FEFD8AA06D
Exception at PC 0x000007FEFD8AA06D
Exception at PC 0x000007FEFD8AA06D
Exception at PC 0x000007FEFD8AA06D
Exception at PC 0x000007FEFD8AA06D
Exception at PC 0x000007FEFD8AA06D
Exception at PC 0x000007FEFD8AA06D
Exception at PC 0x000007FEFD8AA06D
Exception at PC 0x000007FEFD8AA06D
Exception at PC 0x000007FEFD8AA06D
Exception at PC 0x000007FEFD8AA06D
Exception at PC 0x000007FEFD8AA06D
[0]  [0x000007FEB6C5BB93]
[1]  [0x000007FEB6C5BB93]
[2]  [0x000007FEB6C5B4A1]
[3]  [0x000007FEB6C5B3EF]
[4]  [0x000007FEB6C419FE]
[5]  [0x000007FEB6C40ED1]
[6]  [0x000007FEB6C40D76]
[7]  [0x000007FEB6BE79F6]
[8]  [0x000007FEB6BD7AFB]
[9]  [0x000007FEB6CFE90A]
[10]  [0x000007FEB6D19F87]
[11]  [0x000007FEB6D1A05F]
[12] (BaseThreadInitThunk+0xd) [0x00000000779159CD]
[13] (RtlUserThreadStart+0x21) [0x0000000077B4A2E1]
Done
Exception at PC 0x000007FEFD8AA06D
Exception at PC 0x000007FEFD8AA06D
Exception at PC 0x000007FEFD8AA06D
Exception at PC 0x000007FEFD8AA06D
Exception at PC 0x000007FEFD8AA06D
