Unable to capture context for thread 7672 in process 3976, can not generate back trace
Exception at PC 0x00007FF885917788
Exception at PC 0x00007FF885917788
Unable to capture context for thread 9864 in process 3976, can not generate back trace
Unable to capture context for thread 10972 in process 3976, can not generate back trace
Unable to capture context for thread 10768 in process 3976, can not generate back trace
Unable to capture context for thread 9864 in process 3976, can not generate back trace
Unable to capture context for thread 10768 in process 3976, can not generate back trace
Exception at PC 0x00007FF840F3BB93
Printing stacktrace...

Exception at PC 0x00007FF885917788
Unable to capture context for thread 8324 in process 3976, can not generate back trace
Exception at PC 0x00007FF885917788
Exception at PC 0x00007FF885917788
Exception at PC 0x00007FF885917788
Exception at PC 0x00007FF885917788
Exception at PC 0x00007FF885917788
Exception at PC 0x00007FF885917788
Exception at PC 0x00007FF885917788
Exception at PC 0x00007FF885917788
Exception at PC 0x00007FF885917788
Exception at PC 0x00007FF885917788
Exception at PC 0x00007FF885917788
Exception at PC 0x00007FF885917788
Exception at PC 0x00007FF885917788
Exception at PC 0x00007FF885917788
[0]  [0x00007FF840F3BB93]
[1]  [0x00007FF840F3BB93]
[2]  [0x00007FF840F3B4A1]
[3]  [0x00007FF840F3B3EF]
[4]  [0x00007FF840F219FE]
[5]  [0x00007FF840F20ED1]
[6]  [0x00007FF840F20D76]
[7]  [0x00007FF840EC79F6]
[8]  [0x00007FF840EB7AFB]
[9]  [0x00007FF840FDE90A]
[10]  [0x00007FF840FF9F87]
[11]  [0x00007FF840FFA05F]
[12] (BaseThreadInitThunk+0x14) [0x00007FF888858364]
[13] (RtlUserThreadStart+0x21) [0x00007FF8893D5E91]
Done
